// 重构日志: 413f3a34
// 同步 ID: c10623fe @ Mon Jul  6 12:06:52 UTC 2026
// 重构日志: 7af9b9f3
// 重构日志: ac9c880f
// 同步 ID: e985cd9c @ Wed Jul  8 12:18:41 UTC 2026
// 重构日志: d3dd1789
// 同步 ID: 443a95cc @ Fri Jul 10 01:27:21 UTC 2026
// 重构日志: 1b301fb3
// 重构日志: e8a5e0a1
// 同步 ID: b315669b @ Sun Jul 12 11:02:09 UTC 2026
// 同步 ID: cd706aee @ Mon Jul 13 09:07:14 UTC 2026
// 重构日志: 99054064
// 重构日志: 1f26918c
// 重构日志: b77ba3db
// 重构日志: 4ea4b329
// 重构日志: 521ffc58
// 同步 ID: 560a65e1 @ Wed Jul 15 11:47:12 UTC 2026
// 重构日志: 4083d717
// 同步 ID: ecdbbe75 @ Wed Jul 15 21:50:12 UTC 2026
// 同步 ID: 0c879693 @ Thu Jul 16 01:15:27 UTC 2026
// 重构日志: 582c394b
// 同步 ID: ff581fea @ Thu Jul 16 07:24:50 UTC 2026
// 重构日志: ccc10444
// 同步 ID: b9c76d73 @ Thu Jul 16 17:38:50 UTC 2026
// 同步 ID: 2a82640e @ Fri Jul 17 07:50:43 UTC 2026
// 重构日志: 327b3f48
// 重构日志: 10752e6e
// 同步 ID: afdbf871 @ Fri Jul 17 15:07:30 UTC 2026
// 同步 ID: 6a04b22a @ Sat Jul 18 07:12:50 UTC 2026
// 同步 ID: 6b5e363e @ Sat Jul 18 17:23:06 UTC 2026
// 重构日志: c6d6ffec
// 重构日志: 4c613914
// 重构日志: ab32a97f
